<?xml version="1.0" encoding="utf-8"?><testsuites name="pytest tests"><testsuite name="pytest" errors="0" failures="0" skipped="0" tests="8" time="1.688" timestamp="2026-05-09T19:51:21.325908+00:00" hostname="agent-env-5a767358-1bfe-4294-a448-36429fcd1abe"><testcase classname="backend.tests.test_api.TestHealth" name="test_health_ok" time="0.175" /><testcase classname="backend.tests.test_api.TestContact" name="test_contact_valid_returns_success_emailed_false" time="0.149" /><testcase classname="backend.tests.test_api.TestContact" name="test_contact_missing_message_returns_422" time="0.146" /><testcase classname="backend.tests.test_api.TestContact" name="test_contact_invalid_email_returns_422" time="0.105" /><testcase classname="backend.tests.test_api.TestContact" name="test_contact_empty_name_returns_422" time="0.151" /><testcase classname="backend.tests.test_api.TestNewsletter" name="test_newsletter_valid" time="0.312" /><testcase classname="backend.tests.test_api.TestNewsletter" name="test_newsletter_idempotent" time="0.324" /><testcase classname="backend.tests.test_api.TestNewsletter" name="test_newsletter_invalid_email_returns_422" time="0.243" /></testsuite></testsuites>